<?xml version="1.0" encoding="UTF-8"?>
<!-- Generated by org.testng.reporters.JUnitXMLReporter -->
<testsuite hostname="DESKTOP-UUTUU8G" ignored="1" name="Default test" tests="13" failures="1" timestamp="11 Sep 2019 08:48:16 GMT" time="56.426" errors="0">
  <testcase name="pageTitleVerify" time="5.023" classname="practice.TechUs.WebCloudApplicationPage"/>
  <testcase name="pageTitleVerify" time="8.742" classname="practice.TechUs.TestimonialPage"/>
  <testcase name="pageTitleVerify" time="2.035" classname="practice.TechUs.HomePage">
    <failure type="java.lang.AssertionError" message="expected [Hire Tech Experts For Your Software Projects - Tech.us] but found [Testimonials]">
      <![CDATA[java.lang.AssertionError: expected [Hire Tech Experts For Your Software Projects - Tech.us] but found [Testimonials]
at org.testng.Assert.fail(Assert.java:96)
at org.testng.Assert.failNotEquals(Assert.java:776)
at org.testng.Assert.assertEqualsImpl(Assert.java:137)
at org.testng.Assert.assertEquals(Assert.java:118)
at org.testng.Assert.assertEquals(Assert.java:453)
at org.testng.Assert.assertEquals(Assert.java:463)
at practice.TechUs.HomePage.pageTitleVerify(HomePage.java:19)
at sun.reflect.NativeMethodAccessorImpl.invoke0(Native Method)
at sun.reflect.NativeMethodAccessorImpl.invoke(NativeMethodAccessorImpl.java:62)
at sun.reflect.DelegatingMethodAccessorImpl.invoke(DelegatingMethodAccessorImpl.java:43)
at java.lang.reflect.Method.invoke(Method.java:498)
at org.testng.internal.MethodInvocationHelper.invokeMethod(MethodInvocationHelper.java:124)
at org.testng.internal.Invoker.invokeMethod(Invoker.java:583)
at org.testng.internal.Invoker.invokeTestMethod(Invoker.java:719)
at org.testng.internal.Invoker.invokeTestMethods(Invoker.java:989)
at org.testng.internal.TestMethodWorker.invokeTestMethods(TestMethodWorker.java:125)
at org.testng.internal.TestMethodWorker.run(TestMethodWorker.java:109)
at org.testng.TestRunner.privateRun(TestRunner.java:648)
at org.testng.TestRunner.run(TestRunner.java:505)
at org.testng.SuiteRunner.runTest(SuiteRunner.java:455)
at org.testng.SuiteRunner.runSequentially(SuiteRunner.java:450)
at org.testng.SuiteRunner.privateRun(SuiteRunner.java:415)
at org.testng.SuiteRunner.run(SuiteRunner.java:364)
at org.testng.SuiteRunnerWorker.runSuite(SuiteRunnerWorker.java:52)
at org.testng.SuiteRunnerWorker.run(SuiteRunnerWorker.java:84)
at org.testng.TestNG.runSuitesSequentially(TestNG.java:1208)
at org.testng.TestNG.runSuitesLocally(TestNG.java:1137)
at org.testng.TestNG.runSuites(TestNG.java:1049)
at org.testng.TestNG.run(TestNG.java:1017)
at org.testng.remote.AbstractRemoteTestNG.run(AbstractRemoteTestNG.java:115)
at org.testng.remote.RemoteTestNG.initAndRun(RemoteTestNG.java:251)
at org.testng.remote.RemoteTestNG.main(RemoteTestNG.java:77)
]]>
    </failure>
  </testcase> <!-- pageTitleVerify -->
  <testcase name="pageTitleVerify" time="3.722" classname="practice.TechUs.SoftwareModernizationPage"/>
  <testcase name="pageTitleVerify" time="3.702" classname="practice.TechUs.SoftwareDevPage"/>
  <testcase name="pageTitleVerify" time="5.032" classname="practice.TechUs.HowItWorksPage"/>
  <testcase name="pageTitleVerify" time="3.208" classname="practice.TechUs.PricingPage"/>
  <testcase name="pageTitleVerify" time="3.609" classname="practice.TechUs.DevelopementTeamPage"/>
  <testcase name="pageTitleVerify" time="5.816" classname="practice.TechUs.ClientsPage"/>
  <testcase name="pageTitleVerify" time="3.916" classname="practice.TechUs.ArtificialInteligencePage"/>
  <testcase name="pageTitleVerify" time="3.779" classname="practice.TechUs.FAQPage"/>
  <testcase name="pageTitleVerify" time="3.842" classname="practice.TechUs.OurServices"/>
  <testcase name="pageTitleVerify" time="3.873" classname="practice.TechUs.MobileAppDevPage"/>
  <testcase name="pageTitleVerify" time="0.0" classname="practice.TechUs.ContactPage">
    <ignored/>
  </testcase> <!-- pageTitleVerify -->
</testsuite> <!-- Default test -->
