<?xml version="1.0" encoding="UTF-8"?>
<!-- Generated by org.testng.reporters.JUnitXMLReporter -->
<testsuite hostname="DESKTOP-UUTUU8G" ignored="0" name="TitleVerification" tests="3" failures="0" timestamp="18 Sep 2019 04:07:52 GMT" time="16.539" errors="0">
  <testcase name="pageTitleVerify" time="5.176" classname="practice.TechUs.ArtificialInteligencePage"/>
  <testcase name="pageTitleVerify" time="7.151" classname="practice.TechUs.ClientsPage"/>
  <testcase name="pageTitleVerify" time="4.099" classname="practice.TechUs.ContactPage"/>
</testsuite> <!-- TitleVerification -->
