<?xml version="1.0" encoding="UTF-8"?>
<!-- Generated by org.testng.reporters.JUnitXMLReporter -->
<testsuite hostname="DESKTOP-UUTUU8G" ignored="0" name="Test" tests="14" failures="14" timestamp="09 Sep 2019 05:11:49 GMT" time="0.344" errors="0">
  <testcase name="pageTitleVerify" time="0.016" classname="practice.TechUs.HomePage">
    <failure type="java.lang.NullPointerException">
      <![CDATA[java.lang.NullPointerException
at practice.TechUs.HomePage.pageTitleVerify(HomePage.java:17)
... Removed 25 stack frames]]>
    </failure>
  </testcase> <!-- pageTitleVerify -->
  <testcase name="pageTitleVerify" time="0.046" classname="practice.TechUs.HowItWorksPage">
    <failure type="java.lang.NullPointerException">
      <![CDATA[java.lang.NullPointerException
at java.util.Objects.requireNonNull(Objects.java:203)
at org.openqa.selenium.interactions.Actions.<init>(Actions.java:65)
at resources.Base.menus(Base.java:62)
at practice.TechUs.HowItWorksPage.pageTitleVerify(HowItWorksPage.java:24)
... Removed 25 stack frames]]>
    </failure>
  </testcase> <!-- pageTitleVerify -->
  <testcase name="pageTitleVerify" time="0.0" classname="practice.TechUs.FAQPage">
    <failure type="java.lang.NullPointerException">
      <![CDATA[java.lang.NullPointerException
at java.util.Objects.requireNonNull(Objects.java:203)
at org.openqa.selenium.interactions.Actions.<init>(Actions.java:65)
at resources.Base.menus(Base.java:62)
at practice.TechUs.FAQPage.pageTitleVerify(FAQPage.java:18)
... Removed 25 stack frames]]>
    </failure>
  </testcase> <!-- pageTitleVerify -->
  <testcase name="pageTitleVerify" time="0.016" classname="practice.TechUs.OurServices">
    <failure type="java.lang.NullPointerException">
      <![CDATA[java.lang.NullPointerException
at java.util.Objects.requireNonNull(Objects.java:203)
at org.openqa.selenium.interactions.Actions.<init>(Actions.java:65)
at resources.Base.menus(Base.java:62)
at practice.TechUs.OurServices.pageTitleVerify(OurServices.java:17)
... Removed 25 stack frames]]>
    </failure>
  </testcase> <!-- pageTitleVerify -->
  <testcase name="pageTitleVerify" time="0.015" classname="practice.TechUs.ArtificialInteligencePage">
    <failure type="java.lang.NullPointerException">
      <![CDATA[java.lang.NullPointerException
at java.util.Objects.requireNonNull(Objects.java:203)
at org.openqa.selenium.interactions.Actions.<init>(Actions.java:65)
at resources.Base.menus(Base.java:62)
at practice.TechUs.ArtificialInteligencePage.pageTitleVerify(ArtificialInteligencePage.java:20)
... Removed 25 stack frames]]>
    </failure>
  </testcase> <!-- pageTitleVerify -->
  <testcase name="pageTitleVerify" time="0.0" classname="practice.TechUs.DevelopementTeamPage">
    <failure type="java.lang.NullPointerException">
      <![CDATA[java.lang.NullPointerException
at java.util.Objects.requireNonNull(Objects.java:203)
at org.openqa.selenium.interactions.Actions.<init>(Actions.java:65)
at resources.Base.menus(Base.java:62)
at practice.TechUs.DevelopementTeamPage.pageTitleVerify(DevelopementTeamPage.java:17)
... Removed 25 stack frames]]>
    </failure>
  </testcase> <!-- pageTitleVerify -->
  <testcase name="pageTitleVerify" time="0.0" classname="practice.TechUs.SoftwareDevPage">
    <failure type="java.lang.NullPointerException">
      <![CDATA[java.lang.NullPointerException
at java.util.Objects.requireNonNull(Objects.java:203)
at org.openqa.selenium.interactions.Actions.<init>(Actions.java:65)
at resources.Base.menus(Base.java:62)
at practice.TechUs.SoftwareDevPage.pageTitleVerify(SoftwareDevPage.java:17)
... Removed 25 stack frames]]>
    </failure>
  </testcase> <!-- pageTitleVerify -->
  <testcase name="pageTitleVerify" time="0.016" classname="practice.TechUs.MobileAppDevPage">
    <failure type="java.lang.NullPointerException">
      <![CDATA[java.lang.NullPointerException
at java.util.Objects.requireNonNull(Objects.java:203)
at org.openqa.selenium.interactions.Actions.<init>(Actions.java:65)
at resources.Base.menus(Base.java:62)
at practice.TechUs.MobileAppDevPage.pageTitleVerify(MobileAppDevPage.java:17)
... Removed 25 stack frames]]>
    </failure>
  </testcase> <!-- pageTitleVerify -->
  <testcase name="pageTitleVerify" time="0.0" classname="practice.TechUs.WebCloudApplicationPage">
    <failure type="java.lang.NullPointerException">
      <![CDATA[java.lang.NullPointerException
at java.util.Objects.requireNonNull(Objects.java:203)
at org.openqa.selenium.interactions.Actions.<init>(Actions.java:65)
at resources.Base.menus(Base.java:62)
at practice.TechUs.WebCloudApplicationPage.pageTitleVerify(WebCloudApplicationPage.java:17)
... Removed 25 stack frames]]>
    </failure>
  </testcase> <!-- pageTitleVerify -->
  <testcase name="pageTitleVerify" time="0.016" classname="practice.TechUs.SoftwareModernizationPage">
    <failure type="java.lang.NullPointerException">
      <![CDATA[java.lang.NullPointerException
at java.util.Objects.requireNonNull(Objects.java:203)
at org.openqa.selenium.interactions.Actions.<init>(Actions.java:65)
at resources.Base.menus(Base.java:62)
at practice.TechUs.SoftwareModernizationPage.pageTitleVerify(SoftwareModernizationPage.java:17)
... Removed 25 stack frames]]>
    </failure>
  </testcase> <!-- pageTitleVerify -->
  <testcase name="pageTitleVerify" time="0.0" classname="practice.TechUs.PricingPage">
    <failure type="java.lang.NullPointerException">
      <![CDATA[java.lang.NullPointerException
at org.openqa.selenium.support.pagefactory.DefaultElementLocator.findElement(DefaultElementLocator.java:69)
at org.openqa.selenium.support.pagefactory.internal.LocatingElementHandler.invoke(LocatingElementHandler.java:38)
at com.sun.proxy.$Proxy23.click(Unknown Source)
at resources.Base.menu(Base.java:74)
at practice.TechUs.PricingPage.pageTitleVerify(PricingPage.java:17)
... Removed 25 stack frames]]>
    </failure>
  </testcase> <!-- pageTitleVerify -->
  <testcase name="pageTitleVerify" time="0.016" classname="practice.TechUs.ClientsPage">
    <failure type="java.lang.NullPointerException">
      <![CDATA[java.lang.NullPointerException
at java.util.Objects.requireNonNull(Objects.java:203)
at org.openqa.selenium.interactions.Actions.<init>(Actions.java:65)
at resources.Base.menus(Base.java:62)
at practice.TechUs.ClientsPage.pageTitleVerify(ClientsPage.java:17)
... Removed 25 stack frames]]>
    </failure>
  </testcase> <!-- pageTitleVerify -->
  <testcase name="pageTitleVerify" time="0.016" classname="practice.TechUs.TestimonialPage">
    <failure type="java.lang.NullPointerException">
      <![CDATA[java.lang.NullPointerException
at java.util.Objects.requireNonNull(Objects.java:203)
at org.openqa.selenium.interactions.Actions.<init>(Actions.java:65)
at resources.Base.menus(Base.java:62)
at practice.TechUs.TestimonialPage.pageTitleVerify(TestimonialPage.java:17)
... Removed 25 stack frames]]>
    </failure>
  </testcase> <!-- pageTitleVerify -->
  <testcase name="pageTitleVerify" time="0.015" classname="practice.TechUs.ContactPage">
    <failure type="java.lang.NullPointerException">
      <![CDATA[java.lang.NullPointerException
at org.openqa.selenium.support.pagefactory.DefaultElementLocator.findElement(DefaultElementLocator.java:69)
at org.openqa.selenium.support.pagefactory.internal.LocatingElementHandler.invoke(LocatingElementHandler.java:38)
at com.sun.proxy.$Proxy23.click(Unknown Source)
at resources.Base.menu(Base.java:74)
at practice.TechUs.ContactPage.pageTitleVerify(ContactPage.java:17)
... Removed 25 stack frames]]>
    </failure>
  </testcase> <!-- pageTitleVerify -->
</testsuite> <!-- Test -->
