<?xml version="1.0" encoding="UTF-8"?>
<!-- Generated by org.testng.reporters.JUnitXMLReporter -->
<testsuite hostname="DESKTOP-UUTUU8G" ignored="0" name="TitleVerification" tests="17" failures="1" timestamp="11 Sep 2019 10:38:46 GMT" time="138.036" errors="0">
  <testcase name="pageTitleVerify" time="3.024" classname="practice.TechUs.HomePage"/>
  <testcase name="pageTitleVerify" time="5.076" classname="practice.TechUs.HowItWorksPage"/>
  <testcase name="pageTitleVerify" time="3.781" classname="practice.TechUs.FAQPage"/>
  <testcase name="pageTitleVerify" time="3.836" classname="practice.TechUs.OurServices"/>
  <testcase name="pageTitleVerify" time="11.088" classname="practice.TechUs.ArtificialInteligencePage"/>
  <testcase name="pageTitleVerify" time="8.019" classname="practice.TechUs.DevelopementTeamPage"/>
  <testcase name="pageTitleVerify" time="11.727" classname="practice.TechUs.SoftwareDevPage"/>
  <testcase name="pageTitleVerify" time="5.777" classname="practice.TechUs.MobileAppDevPage"/>
  <testcase name="pageTitleVerify" time="4.392" classname="practice.TechUs.WebCloudApplicationPage"/>
  <testcase name="pageTitleVerify" time="4.745" classname="practice.TechUs.SoftwareModernizationPage"/>
  <testcase name="pageTitleVerify" time="3.213" classname="practice.TechUs.PricingPage"/>
  <testcase name="pageTitleVerify" time="14.999" classname="practice.TechUs.ClientsPage"/>
  <testcase name="pageTitleVerify" time="18.934" classname="practice.TechUs.TestimonialPage"/>
  <testcase name="pageTitleVerify" time="9.994" classname="practice.TechUs.ContactPage">
    <skipped/>
  </testcase> <!-- pageTitleVerify -->
  <testcase name="pageTitleVerify" time="11.181" classname="practice.TechUs.ContactPage">
    <skipped/>
  </testcase> <!-- pageTitleVerify -->
  <testcase name="pageTitleVerify" time="8.206" classname="practice.TechUs.ContactPage">
    <skipped/>
  </testcase> <!-- pageTitleVerify -->
  <testcase name="pageTitleVerify" time="8.65" classname="practice.TechUs.ContactPage">
    <failure type="java.lang.AssertionError" message="expected [Tell Us About Your Dream. Let&amp;apos;s chat! - Tech.us1] but found [Tell Us About Your Dream. Let&amp;apos;s chat! - Tech.us]">
      <![CDATA[java.lang.AssertionError: expected [Tell Us About Your Dream. Let's chat! - Tech.us1] but found [Tell Us About Your Dream. Let's chat! - Tech.us]
at resources.Base.menu(Base.java:79)
at practice.TechUs.ContactPage.pageTitleVerify(ContactPage.java:20)
... Removed 31 stack frames]]>
    </failure>
  </testcase> <!-- pageTitleVerify -->
</testsuite> <!-- TitleVerification -->
