<?xml version="1.0" encoding="UTF-8"?>
<!-- Generated by org.testng.reporters.JUnitXMLReporter -->
<testsuite hostname="DESKTOP-UUTUU8G" ignored="0" name="Default test(failed)(failed)" tests="1" failures="1" timestamp="11 Sep 2019 09:32:41 GMT" time="0.092" errors="0">
  <testcase name="pageTitleVerify" time="0.016" classname="practice.TechUs.HomePage">
    <failure type="java.lang.NullPointerException">
      <![CDATA[java.lang.NullPointerException
at practice.TechUs.HomePage.pageTitleVerify(HomePage.java:17)
... Removed 25 stack frames]]>
    </failure>
  </testcase> <!-- pageTitleVerify -->
</testsuite> <!-- Default test(failed)(failed) -->
