<?xml version="1.0" encoding="UTF-8"?>
<!-- Generated by org.testng.reporters.JUnitXMLReporter -->
<testsuite hostname="DESKTOP-UUTUU8G" ignored="0" name="Test" tests="14" failures="0" timestamp="09 Sep 2019 05:43:41 GMT" time="141.209" errors="0">
  <testcase name="pageTitleVerify" time="2.027" classname="practice.TechUs.HomePage"/>
  <testcase name="pageTitleVerify" time="6.291" classname="practice.TechUs.HowItWorksPage"/>
  <testcase name="pageTitleVerify" time="3.142" classname="practice.TechUs.FAQPage"/>
  <testcase name="pageTitleVerify" time="3.469" classname="practice.TechUs.OurServices"/>
  <testcase name="pageTitleVerify" time="14.466" classname="practice.TechUs.ArtificialInteligencePage"/>
  <testcase name="pageTitleVerify" time="8.058" classname="practice.TechUs.DevelopementTeamPage"/>
  <testcase name="pageTitleVerify" time="11.456" classname="practice.TechUs.SoftwareDevPage"/>
  <testcase name="pageTitleVerify" time="7.979" classname="practice.TechUs.MobileAppDevPage"/>
  <testcase name="pageTitleVerify" time="13.677" classname="practice.TechUs.WebCloudApplicationPage"/>
  <testcase name="pageTitleVerify" time="7.141" classname="practice.TechUs.SoftwareModernizationPage"/>
  <testcase name="pageTitleVerify" time="5.812" classname="practice.TechUs.PricingPage"/>
  <testcase name="pageTitleVerify" time="10.426" classname="practice.TechUs.ClientsPage"/>
  <testcase name="pageTitleVerify" time="34.414" classname="practice.TechUs.TestimonialPage"/>
  <testcase name="pageTitleVerify" time="12.794" classname="practice.TechUs.ContactPage"/>
</testsuite> <!-- Test -->
