<?xml version="1.0" encoding="UTF-8"?>
<!-- Generated by org.testng.reporters.JUnitXMLReporter -->
<testsuite hostname="DESKTOP-UUTUU8G" ignored="0" name="TitleVerification" tests="14" failures="0" timestamp="12 Sep 2019 07:27:07 GMT" time="71.464" errors="0">
  <testcase name="pageTitleVerify" time="3.017" classname="practice.TechUs.HomePage"/>
  <testcase name="pageTitleVerify" time="9.183" classname="practice.TechUs.HowItWorksPage"/>
  <testcase name="pageTitleVerify" time="4.155" classname="practice.TechUs.FAQPage"/>
  <testcase name="pageTitleVerify" time="3.727" classname="practice.TechUs.OurServices"/>
  <testcase name="pageTitleVerify" time="3.345" classname="practice.TechUs.ArtificialInteligencePage"/>
  <testcase name="pageTitleVerify" time="3.336" classname="practice.TechUs.DevelopementTeamPage"/>
  <testcase name="pageTitleVerify" time="3.652" classname="practice.TechUs.SoftwareDevPage"/>
  <testcase name="pageTitleVerify" time="3.342" classname="practice.TechUs.MobileAppDevPage"/>
  <testcase name="pageTitleVerify" time="4.323" classname="practice.TechUs.WebCloudApplicationPage"/>
  <testcase name="pageTitleVerify" time="3.346" classname="practice.TechUs.SoftwareModernizationPage"/>
  <testcase name="pageTitleVerify" time="3.172" classname="practice.TechUs.PricingPage"/>
  <testcase name="pageTitleVerify" time="14.569" classname="practice.TechUs.ClientsPage"/>
  <testcase name="pageTitleVerify" time="8.532" classname="practice.TechUs.TestimonialPage"/>
  <testcase name="pageTitleVerify" time="3.697" classname="practice.TechUs.ContactPage"/>
</testsuite> <!-- TitleVerification -->
