<?xml version="1.0" encoding="UTF-8"?>
<!-- Generated by org.testng.reporters.JUnitXMLReporter -->
<testsuite hostname="DESKTOP-UUTUU8G" ignored="0" name="TitleVerification" tests="14" failures="1" timestamp="10 Sep 2019 12:12:59 GMT" time="101.478" errors="0">
  <testcase name="pageTitleVerify" time="2.04" classname="practice.TechUs.HomePage"/>
  <testcase name="pageTitleVerify" time="11.437" classname="practice.TechUs.HowItWorksPage"/>
  <testcase name="pageTitleVerify" time="7.334" classname="practice.TechUs.FAQPage"/>
  <testcase name="pageTitleVerify" time="3.655" classname="practice.TechUs.OurServices"/>
  <testcase name="pageTitleVerify" time="21.499" classname="practice.TechUs.ArtificialInteligencePage"/>
  <testcase name="pageTitleVerify" time="5.013" classname="practice.TechUs.DevelopementTeamPage"/>
  <testcase name="pageTitleVerify" time="7.272" classname="practice.TechUs.SoftwareDevPage"/>
  <testcase name="pageTitleVerify" time="4.799" classname="practice.TechUs.MobileAppDevPage"/>
  <testcase name="pageTitleVerify" time="7.196" classname="practice.TechUs.WebCloudApplicationPage"/>
  <testcase name="pageTitleVerify" time="3.706" classname="practice.TechUs.SoftwareModernizationPage"/>
  <testcase name="pageTitleVerify" time="3.843" classname="practice.TechUs.PricingPage"/>
  <testcase name="pageTitleVerify" time="4.056" classname="practice.TechUs.ClientsPage"/>
  <testcase name="pageTitleVerify" time="12.32" classname="practice.TechUs.TestimonialPage"/>
  <testcase name="pageTitleVerify" time="5.908" classname="practice.TechUs.ContactPage">
    <failure type="java.lang.AssertionError" message="expected [Tell Us About Your Dream. Let&amp;apos;s chat! - Tech.us1] but found [Tell Us About Your Dream. Let&amp;apos;s chat! - Tech.us]">
      <![CDATA[java.lang.AssertionError: expected [Tell Us About Your Dream. Let's chat! - Tech.us1] but found [Tell Us About Your Dream. Let's chat! - Tech.us]
at resources.Base.menu(Base.java:81)
at practice.TechUs.ContactPage.pageTitleVerify(ContactPage.java:19)
... Removed 35 stack frames]]>
    </failure>
  </testcase> <!-- pageTitleVerify -->
</testsuite> <!-- TitleVerification -->
