<?xml version="1.0" encoding="UTF-8"?>
<testng-results skipped="0" failed="0" ignored="0" total="3" passed="3">
  <reporter-output>
  </reporter-output>
  <suite name="TitleSuite" duration-ms="16539" started-at="2019-09-18T04:07:35Z" finished-at="2019-09-18T04:07:52Z">
    <groups>
      <group name="sanity">
        <method signature="ArtificialInteligencePage.pageTitleVerify()[pri:0, instance:practice.TechUs.ArtificialInteligencePage@59662a0b]" name="pageTitleVerify" class="practice.TechUs.ArtificialInteligencePage"/>
        <method signature="ClientsPage.pageTitleVerify()[pri:0, instance:practice.TechUs.ClientsPage@747ddf94]" name="pageTitleVerify" class="practice.TechUs.ClientsPage"/>
        <method signature="ContactPage.pageTitleVerify()[pri:0, instance:practice.TechUs.ContactPage@1bd4fdd]" name="pageTitleVerify" class="practice.TechUs.ContactPage"/>
      </group> <!-- sanity -->
    </groups>
    <test name="TitleVerification" duration-ms="16539" started-at="2019-09-18T04:07:35Z" finished-at="2019-09-18T04:07:52Z">
      <class name="practice.TechUs.ContactPage">
        <test-method status="PASS" signature="pageTitleVerify()[pri:0, instance:practice.TechUs.ContactPage@1bd4fdd]" name="pageTitleVerify" duration-ms="4099" started-at="2019-09-18T04:07:48Z" finished-at="2019-09-18T04:07:52Z">
          <reporter-output>
          </reporter-output>
        </test-method> <!-- pageTitleVerify -->
      </class> <!-- practice.TechUs.ContactPage -->
      <class name="practice.TechUs.ClientsPage">
        <test-method status="PASS" signature="pageTitleVerify()[pri:0, instance:practice.TechUs.ClientsPage@747ddf94]" name="pageTitleVerify" duration-ms="7151" started-at="2019-09-18T04:07:41Z" finished-at="2019-09-18T04:07:48Z">
          <reporter-output>
          </reporter-output>
        </test-method> <!-- pageTitleVerify -->
      </class> <!-- practice.TechUs.ClientsPage -->
      <class name="practice.TechUs.ArtificialInteligencePage">
        <test-method status="PASS" signature="pageTitleVerify()[pri:0, instance:practice.TechUs.ArtificialInteligencePage@59662a0b]" name="pageTitleVerify" duration-ms="5176" started-at="2019-09-18T04:07:35Z" finished-at="2019-09-18T04:07:41Z">
          <reporter-output>
          </reporter-output>
        </test-method> <!-- pageTitleVerify -->
      </class> <!-- practice.TechUs.ArtificialInteligencePage -->
      <class name="practice.TechUs.HowItWorksPage">
        <test-method status="PASS" signature="beforetest()[pri:0, instance:practice.TechUs.HowItWorksPage@9597028]" name="beforetest" is-config="true" duration-ms="22203" started-at="2019-09-18T04:07:13Z" finished-at="2019-09-18T04:07:35Z">
          <reporter-output>
          </reporter-output>
        </test-method> <!-- beforetest -->
        <test-method status="PASS" signature="afterTest()[pri:0, instance:practice.TechUs.HowItWorksPage@9597028]" name="afterTest" is-config="true" duration-ms="554" started-at="2019-09-18T04:07:52Z" finished-at="2019-09-18T04:07:53Z">
          <reporter-output>
          </reporter-output>
        </test-method> <!-- afterTest -->
      </class> <!-- practice.TechUs.HowItWorksPage -->
    </test> <!-- TitleVerification -->
  </suite> <!-- TitleSuite -->
</testng-results>
