-------------------------------------------------------------------------------
Test set: TestSuite
-------------------------------------------------------------------------------
Tests run: 14, Failures: 1, Errors: 0, Skipped: 0, Time elapsed: 132.996 s <<< FAILURE! - in TestSuite
pageTitleVerify(practice.TechUs.ContactPage)  Time elapsed: 6.05 s  <<< FAILURE!
java.lang.AssertionError: expected [Tell Us About Your Dream. Let's chat! - Tech.us1] but found [Tell Us About Your Dream. Let's chat! - Tech.us]
	at practice.TechUs.ContactPage.pageTitleVerify(ContactPage.java:19)

